Copyright 1986-2016 Xilinx, Inc. All Rights Reserved.
------------------------------------------------------------------------------------
| Tool Version : Vivado v.2016.3 (win64) Build 1682563 Mon Oct 10 19:07:27 MDT 2016
| Date         : Thu Oct 27 20:14:23 2016
| Host         : DESKTOP-3ER398C running 64-bit major release  (build 9200)
| Command      : report_clock_utilization -file Top_clock_utilization_routed.rpt
| Design       : Top
| Device       : 7k325t-ffg676
| Speed File   : -2  PRODUCTION 1.12 2014-09-11
------------------------------------------------------------------------------------

Clock Utilization Report

Table of Contents
-----------------
1. Clock Primitive Utilization
2. Global Clock Resources
3. Global Clock Source Details
4. Clock Regions: Key Resource Utilization
5. Clock Regions : Global Clock Summary
6. Cell Type Counts per Global Clock: Region X0Y0
7. Cell Type Counts per Global Clock: Region X1Y0
8. Cell Type Counts per Global Clock: Region X0Y1
9. Cell Type Counts per Global Clock: Region X1Y1
10. Cell Type Counts per Global Clock: Region X0Y2
11. Cell Type Counts per Global Clock: Region X1Y2
12. Cell Type Counts per Global Clock: Region X1Y3
13. Cell Type Counts per Global Clock: Region X0Y4
14. Load Cell Placement Summary for Global Clock g0
15. Load Cell Placement Summary for Global Clock g1
16. Load Cell Placement Summary for Global Clock g2
17. Load Cell Placement Summary for Global Clock g3
18. Load Cell Placement Summary for Global Clock g4

1. Clock Primitive Utilization
------------------------------

+----------+------+-----------+-----+--------------+--------+
| Type     | Used | Available | LOC | Clock Region | Pblock |
+----------+------+-----------+-----+--------------+--------+
| BUFGCTRL |    5 |        32 |   0 |            0 |      0 |
| BUFH     |    0 |       168 |   0 |            0 |      0 |
| BUFIO    |    0 |        40 |   0 |            0 |      0 |
| BUFMR    |    0 |        20 |   0 |            0 |      0 |
| BUFR     |    0 |        40 |   0 |            0 |      0 |
| MMCM     |    1 |        10 |   0 |            0 |      0 |
| PLL      |    0 |        10 |   0 |            0 |      0 |
+----------+------+-----------+-----+--------------+--------+


2. Global Clock Resources
-------------------------

+-----------+-----------+-----------------+------------+---------------+--------------+------+-------------------+-------------------+-------------+-----------------+--------------+-------------------------------+------------------------------------+--------------------------------------------------------+
| Global Id | Source Id | Driver Type/Pin | Constraint | Site          | Clock Region | Root | Clock Delay Group | Load Clock Region | Clock Loads | Non-Clock Loads | Clock Period | Clock                         | Driver Pin                         | Net                                                    |
+-----------+-----------+-----------------+------------+---------------+--------------+------+-------------------+-------------------+-------------+-----------------+--------------+-------------------------------+------------------------------------+--------------------------------------------------------+
| g0        | src0      | BUFG/O          | None       | BUFGCTRL_X0Y1 | n/a          |      |                   |                 7 |       22434 |               0 |       20.000 | clk_out1_Master_Clock_Divider | Clock_Generator/inst/clkout1_buf/O | Clock_Generator/inst/clk_out1                          |
| g1        | src1      | BUFG/O          | None       | BUFGCTRL_X0Y0 | n/a          |      |                   |                 5 |        4243 |               1 |              |                               | SD2_SClk_OBUF_BUFG_inst/O          | SD2_SClk_OBUF_BUFG                                     |
| g2        | src2      | BUFG/O          | None       | BUFGCTRL_X0Y2 | n/a          |      |                   |                 2 |         360 |               0 |              |                               | ARM_BCLK_in_IBUF_BUFG_inst/O       | ARM_BCLK_in_IBUF_BUFG                                  |
| g3        | src0      | BUFG/O          | None       | BUFGCTRL_X0Y3 | n/a          |      |                   |                 1 |         340 |               0 |       10.000 | clk_out2_Master_Clock_Divider | Clock_Generator/inst/clkout2_buf/O | Clock_Generator/inst/clk_out2                          |
| g4        | src0      | BUFG/O          | None       | BUFGCTRL_X0Y4 | n/a          |      |                   |                 1 |           1 |               0 |        5.000 | clkfbout_Master_Clock_Divider | Clock_Generator/inst/clkf_buf/O    | Clock_Generator/inst/clkfbout_buf_Master_Clock_Divider |
+-----------+-----------+-----------------+------------+---------------+--------------+------+-------------------+-------------------+-------------+-----------------+--------------+-------------------------------+------------------------------------+--------------------------------------------------------+
* Clock Loads column represents the clock pin loads (pin count)
** Non-Clock Loads column represents the non-clock pin loads (pin count)


3. Global Clock Source Details
------------------------------

+-----------+-----------+---------------------+------------+-----------------+--------------+-------------+-----------------+---------------------+-------------------------------+------------------------------------------------------------+----------------------------------------------------+
| Source Id | Global Id | Driver Type/Pin     | Constraint | Site            | Clock Region | Clock Loads | Non-Clock Loads | Source Clock Period | Source Clock                  | Driver Pin                                                 | Net                                                |
+-----------+-----------+---------------------+------------+-----------------+--------------+-------------+-----------------+---------------------+-------------------------------+------------------------------------------------------------+----------------------------------------------------+
| src0      | g0        | MMCME2_ADV/CLKOUT0  | None       | MMCME2_ADV_X1Y2 | X1Y2         |           1 |               0 |              20.000 | clk_out1_Master_Clock_Divider | Clock_Generator/inst/mmcm_adv_inst/CLKOUT0                 | Clock_Generator/inst/clk_out1_Master_Clock_Divider |
| src0      | g3        | MMCME2_ADV/CLKOUT1  | None       | MMCME2_ADV_X1Y2 | X1Y2         |           1 |               0 |              10.000 | clk_out2_Master_Clock_Divider | Clock_Generator/inst/mmcm_adv_inst/CLKOUT1                 | Clock_Generator/inst/clk_out2_Master_Clock_Divider |
| src0      | g4        | MMCME2_ADV/CLKFBOUT | None       | MMCME2_ADV_X1Y2 | X1Y2         |           1 |               0 |               5.000 | clkfbout_Master_Clock_Divider | Clock_Generator/inst/mmcm_adv_inst/CLKFBOUT                | Clock_Generator/inst/clkfbout_Master_Clock_Divider |
| src1      | g1        | LUT3/O              | None       | SLICE_X80Y193   | X1Y3         |           1 |               0 |                     |                               | Memory/SD/Interface/ClockGen/SD2_SClk_OBUF_BUFG_inst_i_1/O | Memory/SD/Interface/ClockGen/SD2_SClk_OBUF         |
| src2      | g2        | IBUF/O              | IOB_X0Y22  | IOB_X0Y22       | X0Y0         |           1 |               0 |                     |                               | ARM_BCLK_in_IBUF_inst/O                                    | ARM_BCLK_in_IBUF                                   |
+-----------+-----------+---------------------+------------+-----------------+--------------+-------------+-----------------+---------------------+-------------------------------+------------------------------------------------------------+----------------------------------------------------+
* Clock Loads column represents the clock pin loads (pin count)
** Non-Clock Loads column represents the non-clock pin loads (pin count)


4. Clock Regions: Key Resource Utilization
------------------------------------------

+-------------------+--------------+--------------+--------------+--------------+--------------+--------------+--------------+--------------+--------------+--------------+--------------+--------------+--------------+--------------+--------------+
|                   | Global Clock |     BUFRs    |    BUFMRs    |    BUFIOs    |     MMCM     |      PLL     |      GT      |      PCI     |    ILOGIC    |    OLOGIC    |      FF      |     LUTM     |    RAMB18    |    RAMB36    |    DSP48E2   |
+-------------------+------+-------+------+-------+------+-------+------+-------+------+-------+------+-------+------+-------+------+-------+------+-------+------+-------+------+-------+------+-------+------+-------+------+-------+------+-------+
| Clock Region Name | Used | Avail | Used | Avail | Used | Avail | Used | Avail | Used | Avail | Used | Avail | Used | Avail | Used | Avail | Used | Avail | Used | Avail | Used | Avail | Used | Avail | Used | Avail | Used | Avail | Used | Avail |
+-------------------+------+-------+------+-------+------+-------+------+-------+------+-------+------+-------+------+-------+------+-------+------+-------+------+-------+------+-------+------+-------+------+-------+------+-------+------+-------+
| X0Y0              |    3 |    12 |    0 |     4 |    0 |     2 |    0 |     4 |    0 |     1 |    0 |     1 |    0 |     0 |    0 |     0 |    0 |    50 |    0 |    50 | 4708 |  4000 |    0 |  1150 |    0 |    60 |    0 |    30 |    0 |    60 |
| X1Y0              |    2 |    12 |    0 |     4 |    0 |     2 |    0 |     4 |    0 |     1 |    0 |     1 |    0 |     0 |    0 |     0 |    0 |    50 |    0 |    50 | 3522 |  3700 |   20 |  1200 |    0 |    80 |    0 |    40 |    0 |    60 |
| X0Y1              |    3 |    12 |    0 |     4 |    0 |     2 |    0 |     4 |    0 |     1 |    0 |     1 |    0 |     0 |    0 |     0 |    0 |    50 |    0 |    50 | 4652 |  4000 |   94 |  1150 |    0 |    60 |    0 |    30 |    0 |    60 |
| X1Y1              |    2 |    12 |    0 |     4 |    0 |     2 |    0 |     4 |    0 |     1 |    0 |     1 |    0 |     0 |    0 |     0 |    0 |    50 |    0 |    50 | 2327 |  3700 |    6 |  1200 |    0 |    80 |    0 |    40 |    0 |    60 |
| X0Y2              |    2 |    12 |    0 |     4 |    0 |     2 |    0 |     4 |    0 |     1 |    0 |     1 |    0 |     0 |    0 |     0 |    0 |    50 |    0 |    50 | 2818 |  3400 |  367 |  1150 |    1 |    60 |    0 |    30 |    0 |    60 |
| X1Y2              |    2 |    12 |    0 |     4 |    0 |     2 |    0 |     4 |    1 |     1 |    0 |     1 |    0 |     0 |    0 |     0 |    0 |    50 |    0 |    50 | 1066 |  3700 |   94 |  1200 |    0 |    80 |    0 |    40 |    0 |    60 |
| X0Y3              |    0 |    12 |    0 |     4 |    0 |     2 |    0 |     4 |    0 |     1 |    0 |     1 |    0 |     0 |    0 |     0 |    0 |    50 |    0 |    50 |    0 |  3400 |    0 |  1150 |    0 |    60 |    0 |    30 |    0 |    60 |
| X1Y3              |    1 |    12 |    0 |     0 |    0 |     0 |    0 |     0 |    0 |     0 |    0 |     0 |    0 |     4 |    0 |     1 |    0 |     0 |    0 |     0 |   11 |  3150 |    7 |  1050 |    0 |    50 |    0 |    25 |    0 |    60 |
| X0Y4              |    1 |    12 |    0 |     4 |    0 |     2 |    0 |     4 |    0 |     1 |    0 |     1 |    0 |     0 |    0 |     0 |    0 |    50 |    0 |    50 |    0 |  4000 |    0 |  1150 |    0 |    60 |    0 |    30 |    0 |    60 |
| X1Y4              |    0 |    12 |    0 |     0 |    0 |     0 |    0 |     0 |    0 |     0 |    0 |     0 |    0 |     4 |    0 |     0 |    0 |     0 |    0 |     0 |    0 |  3300 |    0 |  1100 |    0 |    60 |    0 |    30 |    0 |    60 |
| X0Y5              |    0 |    12 |    0 |     4 |    0 |     2 |    0 |     4 |    0 |     1 |    0 |     1 |    0 |     0 |    0 |     0 |    0 |    50 |    0 |    50 |    0 |  4000 |    0 |  1150 |    0 |    60 |    0 |    30 |    0 |    60 |
| X1Y5              |    0 |    12 |    0 |     0 |    0 |     0 |    0 |     0 |    0 |     0 |    0 |     0 |    0 |     4 |    0 |     0 |    0 |     0 |    0 |     0 |    0 |  3300 |    0 |  1100 |    0 |    60 |    0 |    30 |    0 |    60 |
| X0Y6              |    0 |    12 |    0 |     4 |    0 |     2 |    0 |     4 |    0 |     1 |    0 |     1 |    0 |     0 |    0 |     0 |    0 |    50 |    0 |    50 |    0 |  4000 |    0 |  1150 |    0 |    60 |    0 |    30 |    0 |    60 |
| X1Y6              |    0 |    12 |    0 |     0 |    0 |     0 |    0 |     0 |    0 |     0 |    0 |     0 |    0 |     4 |    0 |     0 |    0 |     0 |    0 |     0 |    0 |  3300 |    0 |  1100 |    0 |    60 |    0 |    30 |    0 |    60 |
+-------------------+------+-------+------+-------+------+-------+------+-------+------+-------+------+-------+------+-------+------+-------+------+-------+------+-------+------+-------+------+-------+------+-------+------+-------+------+-------+
* Global Clock column represents track count; while other columns represents cell counts


5. Clock Regions : Global Clock Summary
---------------------------------------

+----+----+----+
|    | X0 | X1 |
+----+----+----+
| Y6 |  0 |  0 |
| Y5 |  0 |  0 |
| Y4 |  1 |  0 |
| Y3 |  0 |  1 |
| Y2 |  2 |  2 |
| Y1 |  3 |  2 |
| Y0 |  3 |  2 |
+----+----+----+


6. Cell Type Counts per Global Clock: Region X0Y0
-------------------------------------------------

+-----------+-------+-----------------+------------+-------------+-----------------+------+--------+------+-----+----+------+-----+---------+-------------------------------+
| Global Id | Track | Driver Type/Pin | Constraint | Clock Loads | Non-Clock Loads | FF   | LUTRAM | RAMB | DSP | GT | MMCM | PLL | Hard IP | Net                           |
+-----------+-------+-----------------+------------+-------------+-----------------+------+--------+------+-----+----+------+-----+---------+-------------------------------+
| g0        | n/a   | BUFG/O          | None       |        3104 |               0 | 3103 |      0 |    0 |   0 |  0 |    0 |   0 |       0 | Clock_Generator/inst/clk_out1 |
| g1        | n/a   | BUFG/O          | None       |        1432 |               0 | 1431 |      0 |    0 |   0 |  0 |    0 |   0 |       0 | SD2_SClk_OBUF_BUFG            |
| g2        | n/a   | BUFG/O          | None       |         175 |               0 |  174 |      0 |    0 |   0 |  0 |    0 |   0 |       0 | ARM_BCLK_in_IBUF_BUFG         |
+-----------+-------+-----------------+------------+-------------+-----------------+------+--------+------+-----+----+------+-----+---------+-------------------------------+
* Clock Loads column represents the clock pin loads (pin count)
** Non-Clock Loads column represents the non-clock pin loads (pin count)
*** Columns FF, LUTRAM, RAMB through 'Hard IP' represents load cell counts


7. Cell Type Counts per Global Clock: Region X1Y0
-------------------------------------------------

+-----------+-------+-----------------+------------+-------------+-----------------+------+--------+------+-----+----+------+-----+---------+-------------------------------+
| Global Id | Track | Driver Type/Pin | Constraint | Clock Loads | Non-Clock Loads | FF   | LUTRAM | RAMB | DSP | GT | MMCM | PLL | Hard IP | Net                           |
+-----------+-------+-----------------+------------+-------------+-----------------+------+--------+------+-----+----+------+-----+---------+-------------------------------+
| g0        | n/a   | BUFG/O          | None       |        2187 |               0 | 2187 |      0 |    0 |   0 |  0 |    0 |   0 |       0 | Clock_Generator/inst/clk_out1 |
| g1        | n/a   | BUFG/O          | None       |        1335 |               0 | 1335 |      0 |    0 |   0 |  0 |    0 |   0 |       0 | SD2_SClk_OBUF_BUFG            |
+-----------+-------+-----------------+------------+-------------+-----------------+------+--------+------+-----+----+------+-----+---------+-------------------------------+
* Clock Loads column represents the clock pin loads (pin count)
** Non-Clock Loads column represents the non-clock pin loads (pin count)
*** Columns FF, LUTRAM, RAMB through 'Hard IP' represents load cell counts


8. Cell Type Counts per Global Clock: Region X0Y1
-------------------------------------------------

+-----------+-------+-----------------+------------+-------------+-----------------+------+--------+------+-----+----+------+-----+---------+-------------------------------+
| Global Id | Track | Driver Type/Pin | Constraint | Clock Loads | Non-Clock Loads | FF   | LUTRAM | RAMB | DSP | GT | MMCM | PLL | Hard IP | Net                           |
+-----------+-------+-----------------+------------+-------------+-----------------+------+--------+------+-----+----+------+-----+---------+-------------------------------+
| g0        | n/a   | BUFG/O          | None       |        3482 |               0 | 3481 |      0 |    0 |   0 |  0 |    0 |   0 |       0 | Clock_Generator/inst/clk_out1 |
| g1        | n/a   | BUFG/O          | None       |         987 |               0 |  987 |      0 |    0 |   0 |  0 |    0 |   0 |       0 | SD2_SClk_OBUF_BUFG            |
| g2        | n/a   | BUFG/O          | None       |         185 |               0 |  184 |      0 |    0 |   0 |  0 |    0 |   0 |       0 | ARM_BCLK_in_IBUF_BUFG         |
+-----------+-------+-----------------+------------+-------------+-----------------+------+--------+------+-----+----+------+-----+---------+-------------------------------+
* Clock Loads column represents the clock pin loads (pin count)
** Non-Clock Loads column represents the non-clock pin loads (pin count)
*** Columns FF, LUTRAM, RAMB through 'Hard IP' represents load cell counts


9. Cell Type Counts per Global Clock: Region X1Y1
-------------------------------------------------

+-----------+-------+-----------------+------------+-------------+-----------------+------+--------+------+-----+----+------+-----+---------+-------------------------------+
| Global Id | Track | Driver Type/Pin | Constraint | Clock Loads | Non-Clock Loads | FF   | LUTRAM | RAMB | DSP | GT | MMCM | PLL | Hard IP | Net                           |
+-----------+-------+-----------------+------------+-------------+-----------------+------+--------+------+-----+----+------+-----+---------+-------------------------------+
| g0        | n/a   | BUFG/O          | None       |        1839 |               0 | 1839 |      0 |    0 |   0 |  0 |    0 |   0 |       0 | Clock_Generator/inst/clk_out1 |
| g1        | n/a   | BUFG/O          | None       |         488 |               0 |  488 |      0 |    0 |   0 |  0 |    0 |   0 |       0 | SD2_SClk_OBUF_BUFG            |
+-----------+-------+-----------------+------------+-------------+-----------------+------+--------+------+-----+----+------+-----+---------+-------------------------------+
* Clock Loads column represents the clock pin loads (pin count)
** Non-Clock Loads column represents the non-clock pin loads (pin count)
*** Columns FF, LUTRAM, RAMB through 'Hard IP' represents load cell counts


10. Cell Type Counts per Global Clock: Region X0Y2
--------------------------------------------------

+-----------+-------+-----------------+------------+-------------+-----------------+------+--------+------+-----+----+------+-----+---------+-------------------------------+
| Global Id | Track | Driver Type/Pin | Constraint | Clock Loads | Non-Clock Loads | FF   | LUTRAM | RAMB | DSP | GT | MMCM | PLL | Hard IP | Net                           |
+-----------+-------+-----------------+------------+-------------+-----------------+------+--------+------+-----+----+------+-----+---------+-------------------------------+
| g0        | n/a   | BUFG/O          | None       |        2511 |               0 | 2511 |      0 |    0 |   0 |  0 |    0 |   0 |       0 | Clock_Generator/inst/clk_out1 |
| g3        | n/a   | BUFG/O          | None       |         311 |               0 |  307 |      0 |    1 |   0 |  0 |    0 |   0 |       0 | Clock_Generator/inst/clk_out2 |
+-----------+-------+-----------------+------------+-------------+-----------------+------+--------+------+-----+----+------+-----+---------+-------------------------------+
* Clock Loads column represents the clock pin loads (pin count)
** Non-Clock Loads column represents the non-clock pin loads (pin count)
*** Columns FF, LUTRAM, RAMB through 'Hard IP' represents load cell counts


11. Cell Type Counts per Global Clock: Region X1Y2
--------------------------------------------------

+-----------+-------+-----------------+------------+-------------+-----------------+------+--------+------+-----+----+------+-----+---------+--------------------------------------------------------+
| Global Id | Track | Driver Type/Pin | Constraint | Clock Loads | Non-Clock Loads | FF   | LUTRAM | RAMB | DSP | GT | MMCM | PLL | Hard IP | Net                                                    |
+-----------+-------+-----------------+------------+-------------+-----------------+------+--------+------+-----+----+------+-----+---------+--------------------------------------------------------+
| g0        | n/a   | BUFG/O          | None       |        1066 |               0 | 1066 |      0 |    0 |   0 |  0 |    0 |   0 |       0 | Clock_Generator/inst/clk_out1                          |
| g4        | n/a   | BUFG/O          | None       |           1 |               0 |    0 |      0 |    0 |   0 |  0 |    1 |   0 |       0 | Clock_Generator/inst/clkfbout_buf_Master_Clock_Divider |
+-----------+-------+-----------------+------------+-------------+-----------------+------+--------+------+-----+----+------+-----+---------+--------------------------------------------------------+
* Clock Loads column represents the clock pin loads (pin count)
** Non-Clock Loads column represents the non-clock pin loads (pin count)
*** Columns FF, LUTRAM, RAMB through 'Hard IP' represents load cell counts


12. Cell Type Counts per Global Clock: Region X1Y3
--------------------------------------------------

+-----------+-------+-----------------+------------+-------------+-----------------+----+--------+------+-----+----+------+-----+---------+-------------------------------+
| Global Id | Track | Driver Type/Pin | Constraint | Clock Loads | Non-Clock Loads | FF | LUTRAM | RAMB | DSP | GT | MMCM | PLL | Hard IP | Net                           |
+-----------+-------+-----------------+------------+-------------+-----------------+----+--------+------+-----+----+------+-----+---------+-------------------------------+
| g0        | n/a   | BUFG/O          | None       |          11 |               0 | 11 |      0 |    0 |   0 |  0 |    0 |   0 |       0 | Clock_Generator/inst/clk_out1 |
+-----------+-------+-----------------+------------+-------------+-----------------+----+--------+------+-----+----+------+-----+---------+-------------------------------+
* Clock Loads column represents the clock pin loads (pin count)
** Non-Clock Loads column represents the non-clock pin loads (pin count)
*** Columns FF, LUTRAM, RAMB through 'Hard IP' represents load cell counts


13. Cell Type Counts per Global Clock: Region X0Y4
--------------------------------------------------

+-----------+-------+-----------------+------------+-------------+-----------------+----+--------+------+-----+----+------+-----+---------+--------------------+
| Global Id | Track | Driver Type/Pin | Constraint | Clock Loads | Non-Clock Loads | FF | LUTRAM | RAMB | DSP | GT | MMCM | PLL | Hard IP | Net                |
+-----------+-------+-----------------+------------+-------------+-----------------+----+--------+------+-----+----+------+-----+---------+--------------------+
| g1        | n/a   | BUFG/O          | None       |           0 |               1 |  0 |      0 |    0 |   0 |  0 |    0 |   0 |       0 | SD2_SClk_OBUF_BUFG |
+-----------+-------+-----------------+------------+-------------+-----------------+----+--------+------+-----+----+------+-----+---------+--------------------+
* Clock Loads column represents the clock pin loads (pin count)
** Non-Clock Loads column represents the non-clock pin loads (pin count)
*** Columns FF, LUTRAM, RAMB through 'Hard IP' represents load cell counts


14. Load Cell Placement Summary for Global Clock g0
---------------------------------------------------

+-----------+-----------------+-------------------+-------------------------------+-------------+----------------+----------+-------------+----------+----------------+----------+-------------------------------+
| Global Id | Driver Type/Pin | Driver Region (D) | Clock                         | Period (ns) | Waveform (ns)  | Root (R) | Slice Loads | IO Loads | Clocking Loads | GT Loads | Net                           |
+-----------+-----------------+-------------------+-------------------------------+-------------+----------------+----------+-------------+----------+----------------+----------+-------------------------------+
| g0        | BUFG/O          | n/a               | clk_out1_Master_Clock_Divider |      20.000 | {0.000 10.000} |          |       14200 |        0 |              0 |        0 | Clock_Generator/inst/clk_out1 |
+-----------+-----------------+-------------------+-------------------------------+-------------+----------------+----------+-------------+----------+----------------+----------+-------------------------------+
* Slice Loads column represents load cell count of all cell types other than IO, GT and clock resources
** IO Loads column represents load cell count of IO types
*** Clocking Loads column represents load cell count that are clock resources (global clock buffer, MMCM, PLL, etc)
**** GT Loads column represents load cell count of GT types


+----+-------+-------+
|    | X0    | X1    |
+----+-------+-------+
| Y6 |     0 |     0 |
| Y5 |     0 |     0 |
| Y4 |     0 |     0 |
| Y3 |     0 |    11 |
| Y2 |  2511 |  1066 |
| Y1 |  3482 |  1839 |
| Y0 |  3104 |  2187 |
+----+-------+-------+


15. Load Cell Placement Summary for Global Clock g1
---------------------------------------------------

+-----------+-----------------+-------------------+-------+-------------+---------------+----------+-------------+----------+----------------+----------+--------------------+
| Global Id | Driver Type/Pin | Driver Region (D) | Clock | Period (ns) | Waveform (ns) | Root (R) | Slice Loads | IO Loads | Clocking Loads | GT Loads | Net                |
+-----------+-----------------+-------------------+-------+-------------+---------------+----------+-------------+----------+----------------+----------+--------------------+
| g1        | BUFG/O          | n/a               |       |             |               |          |        4242 |        1 |              0 |        0 | SD2_SClk_OBUF_BUFG |
+-----------+-----------------+-------------------+-------+-------------+---------------+----------+-------------+----------+----------------+----------+--------------------+
* Slice Loads column represents load cell count of all cell types other than IO, GT and clock resources
** IO Loads column represents load cell count of IO types
*** Clocking Loads column represents load cell count that are clock resources (global clock buffer, MMCM, PLL, etc)
**** GT Loads column represents load cell count of GT types


+----+-------+-------+
|    | X0    | X1    |
+----+-------+-------+
| Y6 |     0 |     0 |
| Y5 |     0 |     0 |
| Y4 |     1 |     0 |
| Y3 |     0 |     0 |
| Y2 |     0 |     0 |
| Y1 |   987 |   488 |
| Y0 |  1432 |  1335 |
+----+-------+-------+


16. Load Cell Placement Summary for Global Clock g2
---------------------------------------------------

+-----------+-----------------+-------------------+-------+-------------+---------------+----------+-------------+----------+----------------+----------+-----------------------+
| Global Id | Driver Type/Pin | Driver Region (D) | Clock | Period (ns) | Waveform (ns) | Root (R) | Slice Loads | IO Loads | Clocking Loads | GT Loads | Net                   |
+-----------+-----------------+-------------------+-------+-------------+---------------+----------+-------------+----------+----------------+----------+-----------------------+
| g2        | BUFG/O          | n/a               |       |             |               |          |         360 |        0 |              0 |        0 | ARM_BCLK_in_IBUF_BUFG |
+-----------+-----------------+-------------------+-------+-------------+---------------+----------+-------------+----------+----------------+----------+-----------------------+
* Slice Loads column represents load cell count of all cell types other than IO, GT and clock resources
** IO Loads column represents load cell count of IO types
*** Clocking Loads column represents load cell count that are clock resources (global clock buffer, MMCM, PLL, etc)
**** GT Loads column represents load cell count of GT types


+----+------+----+
|    | X0   | X1 |
+----+------+----+
| Y6 |    0 |  0 |
| Y5 |    0 |  0 |
| Y4 |    0 |  0 |
| Y3 |    0 |  0 |
| Y2 |    0 |  0 |
| Y1 |  185 |  0 |
| Y0 |  175 |  0 |
+----+------+----+


17. Load Cell Placement Summary for Global Clock g3
---------------------------------------------------

+-----------+-----------------+-------------------+-------------------------------+-------------+---------------+----------+-------------+----------+----------------+----------+-------------------------------+
| Global Id | Driver Type/Pin | Driver Region (D) | Clock                         | Period (ns) | Waveform (ns) | Root (R) | Slice Loads | IO Loads | Clocking Loads | GT Loads | Net                           |
+-----------+-----------------+-------------------+-------------------------------+-------------+---------------+----------+-------------+----------+----------------+----------+-------------------------------+
| g3        | BUFG/O          | n/a               | clk_out2_Master_Clock_Divider |      10.000 | {0.000 5.000} |          |         311 |        0 |              0 |        0 | Clock_Generator/inst/clk_out2 |
+-----------+-----------------+-------------------+-------------------------------+-------------+---------------+----------+-------------+----------+----------------+----------+-------------------------------+
* Slice Loads column represents load cell count of all cell types other than IO, GT and clock resources
** IO Loads column represents load cell count of IO types
*** Clocking Loads column represents load cell count that are clock resources (global clock buffer, MMCM, PLL, etc)
**** GT Loads column represents load cell count of GT types


+----+------+----+
|    | X0   | X1 |
+----+------+----+
| Y6 |    0 |  0 |
| Y5 |    0 |  0 |
| Y4 |    0 |  0 |
| Y3 |    0 |  0 |
| Y2 |  311 |  0 |
| Y1 |    0 |  0 |
| Y0 |    0 |  0 |
+----+------+----+


18. Load Cell Placement Summary for Global Clock g4
---------------------------------------------------

+-----------+-----------------+-------------------+-------------------------------+-------------+---------------+----------+-------------+----------+----------------+----------+--------------------------------------------------------+
| Global Id | Driver Type/Pin | Driver Region (D) | Clock                         | Period (ns) | Waveform (ns) | Root (R) | Slice Loads | IO Loads | Clocking Loads | GT Loads | Net                                                    |
+-----------+-----------------+-------------------+-------------------------------+-------------+---------------+----------+-------------+----------+----------------+----------+--------------------------------------------------------+
| g4        | BUFG/O          | n/a               | clkfbout_Master_Clock_Divider |       5.000 | {0.000 2.500} |          |           0 |        0 |              1 |        0 | Clock_Generator/inst/clkfbout_buf_Master_Clock_Divider |
+-----------+-----------------+-------------------+-------------------------------+-------------+---------------+----------+-------------+----------+----------------+----------+--------------------------------------------------------+
* Slice Loads column represents load cell count of all cell types other than IO, GT and clock resources
** IO Loads column represents load cell count of IO types
*** Clocking Loads column represents load cell count that are clock resources (global clock buffer, MMCM, PLL, etc)
**** GT Loads column represents load cell count of GT types


+----+----+----+
|    | X0 | X1 |
+----+----+----+
| Y6 |  0 |  0 |
| Y5 |  0 |  0 |
| Y4 |  0 |  0 |
| Y3 |  0 |  0 |
| Y2 |  0 |  1 |
| Y1 |  0 |  0 |
| Y0 |  0 |  0 |
+----+----+----+



# Location of BUFG Primitives 
set_property LOC BUFGCTRL_X0Y0 [get_cells SD2_SClk_OBUF_BUFG_inst]
set_property LOC BUFGCTRL_X0Y4 [get_cells Clock_Generator/inst/clkf_buf]
set_property LOC BUFGCTRL_X0Y3 [get_cells Clock_Generator/inst/clkout2_buf]
set_property LOC BUFGCTRL_X0Y1 [get_cells Clock_Generator/inst/clkout1_buf]
set_property LOC BUFGCTRL_X0Y2 [get_cells ARM_BCLK_in_IBUF_BUFG_inst]

# Location of IO Primitives which is load of clock spine
set_property LOC IOB_X0Y247 [get_cells SD2_SClk_OBUF_inst]

# Location of clock ports
set_property LOC IOB_X0Y22 [get_ports ARM_BCLK_in]
set_property LOC IOB_X1Y23 [get_ports clock_200MHz_n]
set_property LOC IOB_X1Y24 [get_ports clock_200MHz_p]

# Clock net "SD2_SClk_OBUF_BUFG" driven by instance "SD2_SClk_OBUF_BUFG_inst" located at site "BUFGCTRL_X0Y0"
#startgroup
create_pblock {CLKAG_SD2_SClk_OBUF_BUFG}
add_cells_to_pblock [get_pblocks  {CLKAG_SD2_SClk_OBUF_BUFG}] [get_cells -filter { PRIMITIVE_GROUP != I/O && IS_PRIMITIVE==1 && PRIMITIVE_LEVEL !=INTERNAL && NAME!=SD2_SClk_OBUF_inst} -of_object [get_pins -filter {DIRECTION==IN} -of_objects [get_nets -hierarchical -filter {PARENT=="SD2_SClk_OBUF_BUFG"}]]]
resize_pblock [get_pblocks {CLKAG_SD2_SClk_OBUF_BUFG}] -add {CLOCKREGION_X0Y0:CLOCKREGION_X0Y0 CLOCKREGION_X0Y1:CLOCKREGION_X0Y1 CLOCKREGION_X1Y0:CLOCKREGION_X1Y0 CLOCKREGION_X1Y1:CLOCKREGION_X1Y1}
#endgroup

# Clock net "Clock_Generator/inst/clk_out2" driven by instance "Clock_Generator/inst/clkout2_buf" located at site "BUFGCTRL_X0Y3"
#startgroup
create_pblock {CLKAG_Clock_Generator/inst/clk_out2}
add_cells_to_pblock [get_pblocks  {CLKAG_Clock_Generator/inst/clk_out2}] [get_cells -filter { PRIMITIVE_GROUP != I/O && IS_PRIMITIVE==1 && PRIMITIVE_LEVEL !=INTERNAL } -of_object [get_pins -filter {DIRECTION==IN} -of_objects [get_nets -hierarchical -filter {PARENT=="Clock_Generator/inst/clk_out2"}]]]
resize_pblock [get_pblocks {CLKAG_Clock_Generator/inst/clk_out2}] -add {CLOCKREGION_X0Y2:CLOCKREGION_X0Y2}
#endgroup

# Clock net "Clock_Generator/inst/clk_out1" driven by instance "Clock_Generator/inst/clkout1_buf" located at site "BUFGCTRL_X0Y1"
#startgroup
create_pblock {CLKAG_Clock_Generator/inst/clk_out1}
add_cells_to_pblock [get_pblocks  {CLKAG_Clock_Generator/inst/clk_out1}] [get_cells -filter { PRIMITIVE_GROUP != I/O && IS_PRIMITIVE==1 && PRIMITIVE_LEVEL !=INTERNAL } -of_object [get_pins -filter {DIRECTION==IN} -of_objects [get_nets -hierarchical -filter {PARENT=="Clock_Generator/inst/clk_out1"}]]]
resize_pblock [get_pblocks {CLKAG_Clock_Generator/inst/clk_out1}] -add {CLOCKREGION_X0Y0:CLOCKREGION_X0Y0 CLOCKREGION_X0Y1:CLOCKREGION_X0Y1 CLOCKREGION_X0Y2:CLOCKREGION_X0Y2 CLOCKREGION_X1Y0:CLOCKREGION_X1Y0 CLOCKREGION_X1Y1:CLOCKREGION_X1Y1 CLOCKREGION_X1Y2:CLOCKREGION_X1Y2 CLOCKREGION_X1Y3:CLOCKREGION_X1Y3}
#endgroup

# Clock net "ARM_BCLK_in_IBUF_BUFG" driven by instance "ARM_BCLK_in_IBUF_BUFG_inst" located at site "BUFGCTRL_X0Y2"
#startgroup
create_pblock {CLKAG_ARM_BCLK_in_IBUF_BUFG}
add_cells_to_pblock [get_pblocks  {CLKAG_ARM_BCLK_in_IBUF_BUFG}] [get_cells -filter { PRIMITIVE_GROUP != I/O && IS_PRIMITIVE==1 && PRIMITIVE_LEVEL !=INTERNAL } -of_object [get_pins -filter {DIRECTION==IN} -of_objects [get_nets -hierarchical -filter {PARENT=="ARM_BCLK_in_IBUF_BUFG"}]]]
resize_pblock [get_pblocks {CLKAG_ARM_BCLK_in_IBUF_BUFG}] -add {CLOCKREGION_X0Y0:CLOCKREGION_X0Y0 CLOCKREGION_X0Y1:CLOCKREGION_X0Y1}
#endgroup
