Copyright 1986-2016 Xilinx, Inc. All Rights Reserved.
------------------------------------------------------------------------------------
| Tool Version : Vivado v.2016.3 (win64) Build 1682563 Mon Oct 10 19:07:27 MDT 2016
| Date         : Thu Oct 27 20:04:27 2016
| Host         : DESKTOP-3ER398C running 64-bit major release  (build 9200)
| Command      : report_drc -file Top_drc_opted.rpt
| Design       : Top
| Device       : xc7k325tffg676-2
| Speed File   : -2
| Design State : Synthesized
------------------------------------------------------------------------------------

Report DRC

Table of Contents
-----------------
1. REPORT SUMMARY
2. REPORT DETAILS

1. REPORT SUMMARY
-----------------
            Netlist: netlist
          Floorplan: design_1
      Design limits: <entire design considered>
           Ruledeck: default
             Max violations: <unlimited>
             Violations found: 72
+--------+----------+------------------------+------------+
| Rule   | Severity | Description            | Violations |
+--------+----------+------------------------+------------+
| DPIP-1 | Warning  | Input pipelining       | 36         |
| DPOP-1 | Warning  | PREG Output pipelining | 18         |
| DPOP-2 | Warning  | MREG Output pipelining | 18         |
+--------+----------+------------------------+------------+

2. REPORT DETAILS
-----------------
DPIP-1#1 Warning
Input pipelining  
DSP ITMR_MIPS32/Processors[0].MIPS32/ALU/Signed_Multiplier/U0/i_mult/gDSP.gDSP_only.iDSP/use_prim.appDSP48[0].bppDSP48[0].use_dsp.use_dsp48e1.iDSP48E1 input ITMR_MIPS32/Processors[0].MIPS32/ALU/Signed_Multiplier/U0/i_mult/gDSP.gDSP_only.iDSP/use_prim.appDSP48[0].bppDSP48[0].use_dsp.use_dsp48e1.iDSP48E1/A[29:0] is not pipelined. Pipelining DSP48 input will improve performance.
Related violations: <none>

DPIP-1#2 Warning
Input pipelining  
DSP ITMR_MIPS32/Processors[0].MIPS32/ALU/Signed_Multiplier/U0/i_mult/gDSP.gDSP_only.iDSP/use_prim.appDSP48[0].bppDSP48[0].use_dsp.use_dsp48e1.iDSP48E1 input ITMR_MIPS32/Processors[0].MIPS32/ALU/Signed_Multiplier/U0/i_mult/gDSP.gDSP_only.iDSP/use_prim.appDSP48[0].bppDSP48[0].use_dsp.use_dsp48e1.iDSP48E1/B[17:0] is not pipelined. Pipelining DSP48 input will improve performance.
Related violations: <none>

DPIP-1#3 Warning
Input pipelining  
DSP ITMR_MIPS32/Processors[0].MIPS32/ALU/Signed_Multiplier/U0/i_mult/gDSP.gDSP_only.iDSP/use_prim.appDSP48[0].bppDSP48[1].use_dsp.use_dsp48e1.iDSP48E1 input ITMR_MIPS32/Processors[0].MIPS32/ALU/Signed_Multiplier/U0/i_mult/gDSP.gDSP_only.iDSP/use_prim.appDSP48[0].bppDSP48[1].use_dsp.use_dsp48e1.iDSP48E1/B[17:0] is not pipelined. Pipelining DSP48 input will improve performance.
Related violations: <none>

DPIP-1#4 Warning
Input pipelining  
DSP ITMR_MIPS32/Processors[0].MIPS32/ALU/Signed_Multiplier/U0/i_mult/gDSP.gDSP_only.iDSP/use_prim.appDSP48[1].bppDSP48[0].use_dsp.use_dsp48e1.iDSP48E1 input ITMR_MIPS32/Processors[0].MIPS32/ALU/Signed_Multiplier/U0/i_mult/gDSP.gDSP_only.iDSP/use_prim.appDSP48[1].bppDSP48[0].use_dsp.use_dsp48e1.iDSP48E1/A[29:0] is not pipelined. Pipelining DSP48 input will improve performance.
Related violations: <none>

DPIP-1#5 Warning
Input pipelining  
DSP ITMR_MIPS32/Processors[0].MIPS32/ALU/Signed_Multiplier/U0/i_mult/gDSP.gDSP_only.iDSP/use_prim.appDSP48[1].bppDSP48[0].use_dsp.use_dsp48e1.iDSP48E1 input ITMR_MIPS32/Processors[0].MIPS32/ALU/Signed_Multiplier/U0/i_mult/gDSP.gDSP_only.iDSP/use_prim.appDSP48[1].bppDSP48[0].use_dsp.use_dsp48e1.iDSP48E1/B[17:0] is not pipelined. Pipelining DSP48 input will improve performance.
Related violations: <none>

DPIP-1#6 Warning
Input pipelining  
DSP ITMR_MIPS32/Processors[0].MIPS32/ALU/Signed_Multiplier/U0/i_mult/gDSP.gDSP_only.iDSP/use_prim.appDSP48[1].bppDSP48[1].use_dsp.use_dsp48e1.iDSP48E1 input ITMR_MIPS32/Processors[0].MIPS32/ALU/Signed_Multiplier/U0/i_mult/gDSP.gDSP_only.iDSP/use_prim.appDSP48[1].bppDSP48[1].use_dsp.use_dsp48e1.iDSP48E1/B[17:0] is not pipelined. Pipelining DSP48 input will improve performance.
Related violations: <none>

DPIP-1#7 Warning
Input pipelining  
DSP ITMR_MIPS32/Processors[0].MIPS32/ALU/Unsigned_Multiplier/U0/i_mult/gDSP.gDSP_only.iDSP/use_prim.appDSP48[0].bppDSP48[0].use_dsp.use_dsp48e1.iDSP48E1 input ITMR_MIPS32/Processors[0].MIPS32/ALU/Unsigned_Multiplier/U0/i_mult/gDSP.gDSP_only.iDSP/use_prim.appDSP48[0].bppDSP48[0].use_dsp.use_dsp48e1.iDSP48E1/A[29:0] is not pipelined. Pipelining DSP48 input will improve performance.
Related violations: <none>

DPIP-1#8 Warning
Input pipelining  
DSP ITMR_MIPS32/Processors[0].MIPS32/ALU/Unsigned_Multiplier/U0/i_mult/gDSP.gDSP_only.iDSP/use_prim.appDSP48[0].bppDSP48[0].use_dsp.use_dsp48e1.iDSP48E1 input ITMR_MIPS32/Processors[0].MIPS32/ALU/Unsigned_Multiplier/U0/i_mult/gDSP.gDSP_only.iDSP/use_prim.appDSP48[0].bppDSP48[0].use_dsp.use_dsp48e1.iDSP48E1/B[17:0] is not pipelined. Pipelining DSP48 input will improve performance.
Related violations: <none>

DPIP-1#9 Warning
Input pipelining  
DSP ITMR_MIPS32/Processors[0].MIPS32/ALU/Unsigned_Multiplier/U0/i_mult/gDSP.gDSP_only.iDSP/use_prim.appDSP48[0].bppDSP48[1].use_dsp.use_dsp48e1.iDSP48E1 input ITMR_MIPS32/Processors[0].MIPS32/ALU/Unsigned_Multiplier/U0/i_mult/gDSP.gDSP_only.iDSP/use_prim.appDSP48[0].bppDSP48[1].use_dsp.use_dsp48e1.iDSP48E1/B[17:0] is not pipelined. Pipelining DSP48 input will improve performance.
Related violations: <none>

DPIP-1#10 Warning
Input pipelining  
DSP ITMR_MIPS32/Processors[0].MIPS32/ALU/Unsigned_Multiplier/U0/i_mult/gDSP.gDSP_only.iDSP/use_prim.appDSP48[1].bppDSP48[0].use_dsp.use_dsp48e1.iDSP48E1 input ITMR_MIPS32/Processors[0].MIPS32/ALU/Unsigned_Multiplier/U0/i_mult/gDSP.gDSP_only.iDSP/use_prim.appDSP48[1].bppDSP48[0].use_dsp.use_dsp48e1.iDSP48E1/A[29:0] is not pipelined. Pipelining DSP48 input will improve performance.
Related violations: <none>

DPIP-1#11 Warning
Input pipelining  
DSP ITMR_MIPS32/Processors[0].MIPS32/ALU/Unsigned_Multiplier/U0/i_mult/gDSP.gDSP_only.iDSP/use_prim.appDSP48[1].bppDSP48[0].use_dsp.use_dsp48e1.iDSP48E1 input ITMR_MIPS32/Processors[0].MIPS32/ALU/Unsigned_Multiplier/U0/i_mult/gDSP.gDSP_only.iDSP/use_prim.appDSP48[1].bppDSP48[0].use_dsp.use_dsp48e1.iDSP48E1/B[17:0] is not pipelined. Pipelining DSP48 input will improve performance.
Related violations: <none>

DPIP-1#12 Warning
Input pipelining  
DSP ITMR_MIPS32/Processors[0].MIPS32/ALU/Unsigned_Multiplier/U0/i_mult/gDSP.gDSP_only.iDSP/use_prim.appDSP48[1].bppDSP48[1].use_dsp.use_dsp48e1.iDSP48E1 input ITMR_MIPS32/Processors[0].MIPS32/ALU/Unsigned_Multiplier/U0/i_mult/gDSP.gDSP_only.iDSP/use_prim.appDSP48[1].bppDSP48[1].use_dsp.use_dsp48e1.iDSP48E1/B[17:0] is not pipelined. Pipelining DSP48 input will improve performance.
Related violations: <none>

DPIP-1#13 Warning
Input pipelining  
DSP ITMR_MIPS32/Processors[1].MIPS32/ALU/Signed_Multiplier/U0/i_mult/gDSP.gDSP_only.iDSP/use_prim.appDSP48[0].bppDSP48[0].use_dsp.use_dsp48e1.iDSP48E1 input ITMR_MIPS32/Processors[1].MIPS32/ALU/Signed_Multiplier/U0/i_mult/gDSP.gDSP_only.iDSP/use_prim.appDSP48[0].bppDSP48[0].use_dsp.use_dsp48e1.iDSP48E1/A[29:0] is not pipelined. Pipelining DSP48 input will improve performance.
Related violations: <none>

DPIP-1#14 Warning
Input pipelining  
DSP ITMR_MIPS32/Processors[1].MIPS32/ALU/Signed_Multiplier/U0/i_mult/gDSP.gDSP_only.iDSP/use_prim.appDSP48[0].bppDSP48[0].use_dsp.use_dsp48e1.iDSP48E1 input ITMR_MIPS32/Processors[1].MIPS32/ALU/Signed_Multiplier/U0/i_mult/gDSP.gDSP_only.iDSP/use_prim.appDSP48[0].bppDSP48[0].use_dsp.use_dsp48e1.iDSP48E1/B[17:0] is not pipelined. Pipelining DSP48 input will improve performance.
Related violations: <none>

DPIP-1#15 Warning
Input pipelining  
DSP ITMR_MIPS32/Processors[1].MIPS32/ALU/Signed_Multiplier/U0/i_mult/gDSP.gDSP_only.iDSP/use_prim.appDSP48[0].bppDSP48[1].use_dsp.use_dsp48e1.iDSP48E1 input ITMR_MIPS32/Processors[1].MIPS32/ALU/Signed_Multiplier/U0/i_mult/gDSP.gDSP_only.iDSP/use_prim.appDSP48[0].bppDSP48[1].use_dsp.use_dsp48e1.iDSP48E1/B[17:0] is not pipelined. Pipelining DSP48 input will improve performance.
Related violations: <none>

DPIP-1#16 Warning
Input pipelining  
DSP ITMR_MIPS32/Processors[1].MIPS32/ALU/Signed_Multiplier/U0/i_mult/gDSP.gDSP_only.iDSP/use_prim.appDSP48[1].bppDSP48[0].use_dsp.use_dsp48e1.iDSP48E1 input ITMR_MIPS32/Processors[1].MIPS32/ALU/Signed_Multiplier/U0/i_mult/gDSP.gDSP_only.iDSP/use_prim.appDSP48[1].bppDSP48[0].use_dsp.use_dsp48e1.iDSP48E1/A[29:0] is not pipelined. Pipelining DSP48 input will improve performance.
Related violations: <none>

DPIP-1#17 Warning
Input pipelining  
DSP ITMR_MIPS32/Processors[1].MIPS32/ALU/Signed_Multiplier/U0/i_mult/gDSP.gDSP_only.iDSP/use_prim.appDSP48[1].bppDSP48[0].use_dsp.use_dsp48e1.iDSP48E1 input ITMR_MIPS32/Processors[1].MIPS32/ALU/Signed_Multiplier/U0/i_mult/gDSP.gDSP_only.iDSP/use_prim.appDSP48[1].bppDSP48[0].use_dsp.use_dsp48e1.iDSP48E1/B[17:0] is not pipelined. Pipelining DSP48 input will improve performance.
Related violations: <none>

DPIP-1#18 Warning
Input pipelining  
DSP ITMR_MIPS32/Processors[1].MIPS32/ALU/Signed_Multiplier/U0/i_mult/gDSP.gDSP_only.iDSP/use_prim.appDSP48[1].bppDSP48[1].use_dsp.use_dsp48e1.iDSP48E1 input ITMR_MIPS32/Processors[1].MIPS32/ALU/Signed_Multiplier/U0/i_mult/gDSP.gDSP_only.iDSP/use_prim.appDSP48[1].bppDSP48[1].use_dsp.use_dsp48e1.iDSP48E1/B[17:0] is not pipelined. Pipelining DSP48 input will improve performance.
Related violations: <none>

DPIP-1#19 Warning
Input pipelining  
DSP ITMR_MIPS32/Processors[1].MIPS32/ALU/Unsigned_Multiplier/U0/i_mult/gDSP.gDSP_only.iDSP/use_prim.appDSP48[0].bppDSP48[0].use_dsp.use_dsp48e1.iDSP48E1 input ITMR_MIPS32/Processors[1].MIPS32/ALU/Unsigned_Multiplier/U0/i_mult/gDSP.gDSP_only.iDSP/use_prim.appDSP48[0].bppDSP48[0].use_dsp.use_dsp48e1.iDSP48E1/A[29:0] is not pipelined. Pipelining DSP48 input will improve performance.
Related violations: <none>

DPIP-1#20 Warning
Input pipelining  
DSP ITMR_MIPS32/Processors[1].MIPS32/ALU/Unsigned_Multiplier/U0/i_mult/gDSP.gDSP_only.iDSP/use_prim.appDSP48[0].bppDSP48[0].use_dsp.use_dsp48e1.iDSP48E1 input ITMR_MIPS32/Processors[1].MIPS32/ALU/Unsigned_Multiplier/U0/i_mult/gDSP.gDSP_only.iDSP/use_prim.appDSP48[0].bppDSP48[0].use_dsp.use_dsp48e1.iDSP48E1/B[17:0] is not pipelined. Pipelining DSP48 input will improve performance.
Related violations: <none>

DPIP-1#21 Warning
Input pipelining  
DSP ITMR_MIPS32/Processors[1].MIPS32/ALU/Unsigned_Multiplier/U0/i_mult/gDSP.gDSP_only.iDSP/use_prim.appDSP48[0].bppDSP48[1].use_dsp.use_dsp48e1.iDSP48E1 input ITMR_MIPS32/Processors[1].MIPS32/ALU/Unsigned_Multiplier/U0/i_mult/gDSP.gDSP_only.iDSP/use_prim.appDSP48[0].bppDSP48[1].use_dsp.use_dsp48e1.iDSP48E1/B[17:0] is not pipelined. Pipelining DSP48 input will improve performance.
Related violations: <none>

DPIP-1#22 Warning
Input pipelining  
DSP ITMR_MIPS32/Processors[1].MIPS32/ALU/Unsigned_Multiplier/U0/i_mult/gDSP.gDSP_only.iDSP/use_prim.appDSP48[1].bppDSP48[0].use_dsp.use_dsp48e1.iDSP48E1 input ITMR_MIPS32/Processors[1].MIPS32/ALU/Unsigned_Multiplier/U0/i_mult/gDSP.gDSP_only.iDSP/use_prim.appDSP48[1].bppDSP48[0].use_dsp.use_dsp48e1.iDSP48E1/A[29:0] is not pipelined. Pipelining DSP48 input will improve performance.
Related violations: <none>

DPIP-1#23 Warning
Input pipelining  
DSP ITMR_MIPS32/Processors[1].MIPS32/ALU/Unsigned_Multiplier/U0/i_mult/gDSP.gDSP_only.iDSP/use_prim.appDSP48[1].bppDSP48[0].use_dsp.use_dsp48e1.iDSP48E1 input ITMR_MIPS32/Processors[1].MIPS32/ALU/Unsigned_Multiplier/U0/i_mult/gDSP.gDSP_only.iDSP/use_prim.appDSP48[1].bppDSP48[0].use_dsp.use_dsp48e1.iDSP48E1/B[17:0] is not pipelined. Pipelining DSP48 input will improve performance.
Related violations: <none>

DPIP-1#24 Warning
Input pipelining  
DSP ITMR_MIPS32/Processors[1].MIPS32/ALU/Unsigned_Multiplier/U0/i_mult/gDSP.gDSP_only.iDSP/use_prim.appDSP48[1].bppDSP48[1].use_dsp.use_dsp48e1.iDSP48E1 input ITMR_MIPS32/Processors[1].MIPS32/ALU/Unsigned_Multiplier/U0/i_mult/gDSP.gDSP_only.iDSP/use_prim.appDSP48[1].bppDSP48[1].use_dsp.use_dsp48e1.iDSP48E1/B[17:0] is not pipelined. Pipelining DSP48 input will improve performance.
Related violations: <none>

DPIP-1#25 Warning
Input pipelining  
DSP ITMR_MIPS32/Processors[2].MIPS32/ALU/Signed_Multiplier/U0/i_mult/gDSP.gDSP_only.iDSP/use_prim.appDSP48[0].bppDSP48[0].use_dsp.use_dsp48e1.iDSP48E1 input ITMR_MIPS32/Processors[2].MIPS32/ALU/Signed_Multiplier/U0/i_mult/gDSP.gDSP_only.iDSP/use_prim.appDSP48[0].bppDSP48[0].use_dsp.use_dsp48e1.iDSP48E1/A[29:0] is not pipelined. Pipelining DSP48 input will improve performance.
Related violations: <none>

DPIP-1#26 Warning
Input pipelining  
DSP ITMR_MIPS32/Processors[2].MIPS32/ALU/Signed_Multiplier/U0/i_mult/gDSP.gDSP_only.iDSP/use_prim.appDSP48[0].bppDSP48[0].use_dsp.use_dsp48e1.iDSP48E1 input ITMR_MIPS32/Processors[2].MIPS32/ALU/Signed_Multiplier/U0/i_mult/gDSP.gDSP_only.iDSP/use_prim.appDSP48[0].bppDSP48[0].use_dsp.use_dsp48e1.iDSP48E1/B[17:0] is not pipelined. Pipelining DSP48 input will improve performance.
Related violations: <none>

DPIP-1#27 Warning
Input pipelining  
DSP ITMR_MIPS32/Processors[2].MIPS32/ALU/Signed_Multiplier/U0/i_mult/gDSP.gDSP_only.iDSP/use_prim.appDSP48[0].bppDSP48[1].use_dsp.use_dsp48e1.iDSP48E1 input ITMR_MIPS32/Processors[2].MIPS32/ALU/Signed_Multiplier/U0/i_mult/gDSP.gDSP_only.iDSP/use_prim.appDSP48[0].bppDSP48[1].use_dsp.use_dsp48e1.iDSP48E1/B[17:0] is not pipelined. Pipelining DSP48 input will improve performance.
Related violations: <none>

DPIP-1#28 Warning
Input pipelining  
DSP ITMR_MIPS32/Processors[2].MIPS32/ALU/Signed_Multiplier/U0/i_mult/gDSP.gDSP_only.iDSP/use_prim.appDSP48[1].bppDSP48[0].use_dsp.use_dsp48e1.iDSP48E1 input ITMR_MIPS32/Processors[2].MIPS32/ALU/Signed_Multiplier/U0/i_mult/gDSP.gDSP_only.iDSP/use_prim.appDSP48[1].bppDSP48[0].use_dsp.use_dsp48e1.iDSP48E1/A[29:0] is not pipelined. Pipelining DSP48 input will improve performance.
Related violations: <none>

DPIP-1#29 Warning
Input pipelining  
DSP ITMR_MIPS32/Processors[2].MIPS32/ALU/Signed_Multiplier/U0/i_mult/gDSP.gDSP_only.iDSP/use_prim.appDSP48[1].bppDSP48[0].use_dsp.use_dsp48e1.iDSP48E1 input ITMR_MIPS32/Processors[2].MIPS32/ALU/Signed_Multiplier/U0/i_mult/gDSP.gDSP_only.iDSP/use_prim.appDSP48[1].bppDSP48[0].use_dsp.use_dsp48e1.iDSP48E1/B[17:0] is not pipelined. Pipelining DSP48 input will improve performance.
Related violations: <none>

DPIP-1#30 Warning
Input pipelining  
DSP ITMR_MIPS32/Processors[2].MIPS32/ALU/Signed_Multiplier/U0/i_mult/gDSP.gDSP_only.iDSP/use_prim.appDSP48[1].bppDSP48[1].use_dsp.use_dsp48e1.iDSP48E1 input ITMR_MIPS32/Processors[2].MIPS32/ALU/Signed_Multiplier/U0/i_mult/gDSP.gDSP_only.iDSP/use_prim.appDSP48[1].bppDSP48[1].use_dsp.use_dsp48e1.iDSP48E1/B[17:0] is not pipelined. Pipelining DSP48 input will improve performance.
Related violations: <none>

DPIP-1#31 Warning
Input pipelining  
DSP ITMR_MIPS32/Processors[2].MIPS32/ALU/Unsigned_Multiplier/U0/i_mult/gDSP.gDSP_only.iDSP/use_prim.appDSP48[0].bppDSP48[0].use_dsp.use_dsp48e1.iDSP48E1 input ITMR_MIPS32/Processors[2].MIPS32/ALU/Unsigned_Multiplier/U0/i_mult/gDSP.gDSP_only.iDSP/use_prim.appDSP48[0].bppDSP48[0].use_dsp.use_dsp48e1.iDSP48E1/A[29:0] is not pipelined. Pipelining DSP48 input will improve performance.
Related violations: <none>

DPIP-1#32 Warning
Input pipelining  
DSP ITMR_MIPS32/Processors[2].MIPS32/ALU/Unsigned_Multiplier/U0/i_mult/gDSP.gDSP_only.iDSP/use_prim.appDSP48[0].bppDSP48[0].use_dsp.use_dsp48e1.iDSP48E1 input ITMR_MIPS32/Processors[2].MIPS32/ALU/Unsigned_Multiplier/U0/i_mult/gDSP.gDSP_only.iDSP/use_prim.appDSP48[0].bppDSP48[0].use_dsp.use_dsp48e1.iDSP48E1/B[17:0] is not pipelined. Pipelining DSP48 input will improve performance.
Related violations: <none>

DPIP-1#33 Warning
Input pipelining  
DSP ITMR_MIPS32/Processors[2].MIPS32/ALU/Unsigned_Multiplier/U0/i_mult/gDSP.gDSP_only.iDSP/use_prim.appDSP48[0].bppDSP48[1].use_dsp.use_dsp48e1.iDSP48E1 input ITMR_MIPS32/Processors[2].MIPS32/ALU/Unsigned_Multiplier/U0/i_mult/gDSP.gDSP_only.iDSP/use_prim.appDSP48[0].bppDSP48[1].use_dsp.use_dsp48e1.iDSP48E1/B[17:0] is not pipelined. Pipelining DSP48 input will improve performance.
Related violations: <none>

DPIP-1#34 Warning
Input pipelining  
DSP ITMR_MIPS32/Processors[2].MIPS32/ALU/Unsigned_Multiplier/U0/i_mult/gDSP.gDSP_only.iDSP/use_prim.appDSP48[1].bppDSP48[0].use_dsp.use_dsp48e1.iDSP48E1 input ITMR_MIPS32/Processors[2].MIPS32/ALU/Unsigned_Multiplier/U0/i_mult/gDSP.gDSP_only.iDSP/use_prim.appDSP48[1].bppDSP48[0].use_dsp.use_dsp48e1.iDSP48E1/A[29:0] is not pipelined. Pipelining DSP48 input will improve performance.
Related violations: <none>

DPIP-1#35 Warning
Input pipelining  
DSP ITMR_MIPS32/Processors[2].MIPS32/ALU/Unsigned_Multiplier/U0/i_mult/gDSP.gDSP_only.iDSP/use_prim.appDSP48[1].bppDSP48[0].use_dsp.use_dsp48e1.iDSP48E1 input ITMR_MIPS32/Processors[2].MIPS32/ALU/Unsigned_Multiplier/U0/i_mult/gDSP.gDSP_only.iDSP/use_prim.appDSP48[1].bppDSP48[0].use_dsp.use_dsp48e1.iDSP48E1/B[17:0] is not pipelined. Pipelining DSP48 input will improve performance.
Related violations: <none>

DPIP-1#36 Warning
Input pipelining  
DSP ITMR_MIPS32/Processors[2].MIPS32/ALU/Unsigned_Multiplier/U0/i_mult/gDSP.gDSP_only.iDSP/use_prim.appDSP48[1].bppDSP48[1].use_dsp.use_dsp48e1.iDSP48E1 input ITMR_MIPS32/Processors[2].MIPS32/ALU/Unsigned_Multiplier/U0/i_mult/gDSP.gDSP_only.iDSP/use_prim.appDSP48[1].bppDSP48[1].use_dsp.use_dsp48e1.iDSP48E1/B[17:0] is not pipelined. Pipelining DSP48 input will improve performance.
Related violations: <none>

DPOP-1#1 Warning
PREG Output pipelining  
DSP ITMR_MIPS32/Processors[0].MIPS32/ALU/Signed_Multiplier/U0/i_mult/gDSP.gDSP_only.iDSP/use_prim.appDSP48[0].bppDSP48[0].use_dsp.use_dsp48e1.iDSP48E1 output ITMR_MIPS32/Processors[0].MIPS32/ALU/Signed_Multiplier/U0/i_mult/gDSP.gDSP_only.iDSP/use_prim.appDSP48[0].bppDSP48[0].use_dsp.use_dsp48e1.iDSP48E1/P[47:0] is not pipelined (PREG=0). Pipelining the DSP48 output will improve performance and often saves power so it is suggested whenever possible to fully pipeline this function.  If this DSP48 function was inferred, it is suggested to describe an additional register stage after this function.  If the DSP48 was instantiated in the design, it is suggested to set the PREG attribute to 1.
Related violations: <none>

DPOP-1#2 Warning
PREG Output pipelining  
DSP ITMR_MIPS32/Processors[0].MIPS32/ALU/Signed_Multiplier/U0/i_mult/gDSP.gDSP_only.iDSP/use_prim.appDSP48[1].bppDSP48[0].use_dsp.use_dsp48e1.iDSP48E1 output ITMR_MIPS32/Processors[0].MIPS32/ALU/Signed_Multiplier/U0/i_mult/gDSP.gDSP_only.iDSP/use_prim.appDSP48[1].bppDSP48[0].use_dsp.use_dsp48e1.iDSP48E1/P[47:0] is not pipelined (PREG=0). Pipelining the DSP48 output will improve performance and often saves power so it is suggested whenever possible to fully pipeline this function.  If this DSP48 function was inferred, it is suggested to describe an additional register stage after this function.  If the DSP48 was instantiated in the design, it is suggested to set the PREG attribute to 1.
Related violations: <none>

DPOP-1#3 Warning
PREG Output pipelining  
DSP ITMR_MIPS32/Processors[0].MIPS32/ALU/Signed_Multiplier/U0/i_mult/gDSP.gDSP_only.iDSP/use_prim.appDSP48[1].bppDSP48[1].use_dsp.use_dsp48e1.iDSP48E1 output ITMR_MIPS32/Processors[0].MIPS32/ALU/Signed_Multiplier/U0/i_mult/gDSP.gDSP_only.iDSP/use_prim.appDSP48[1].bppDSP48[1].use_dsp.use_dsp48e1.iDSP48E1/P[47:0] is not pipelined (PREG=0). Pipelining the DSP48 output will improve performance and often saves power so it is suggested whenever possible to fully pipeline this function.  If this DSP48 function was inferred, it is suggested to describe an additional register stage after this function.  If the DSP48 was instantiated in the design, it is suggested to set the PREG attribute to 1.
Related violations: <none>

DPOP-1#4 Warning
PREG Output pipelining  
DSP ITMR_MIPS32/Processors[0].MIPS32/ALU/Unsigned_Multiplier/U0/i_mult/gDSP.gDSP_only.iDSP/use_prim.appDSP48[0].bppDSP48[0].use_dsp.use_dsp48e1.iDSP48E1 output ITMR_MIPS32/Processors[0].MIPS32/ALU/Unsigned_Multiplier/U0/i_mult/gDSP.gDSP_only.iDSP/use_prim.appDSP48[0].bppDSP48[0].use_dsp.use_dsp48e1.iDSP48E1/P[47:0] is not pipelined (PREG=0). Pipelining the DSP48 output will improve performance and often saves power so it is suggested whenever possible to fully pipeline this function.  If this DSP48 function was inferred, it is suggested to describe an additional register stage after this function.  If the DSP48 was instantiated in the design, it is suggested to set the PREG attribute to 1.
Related violations: <none>

DPOP-1#5 Warning
PREG Output pipelining  
DSP ITMR_MIPS32/Processors[0].MIPS32/ALU/Unsigned_Multiplier/U0/i_mult/gDSP.gDSP_only.iDSP/use_prim.appDSP48[1].bppDSP48[0].use_dsp.use_dsp48e1.iDSP48E1 output ITMR_MIPS32/Processors[0].MIPS32/ALU/Unsigned_Multiplier/U0/i_mult/gDSP.gDSP_only.iDSP/use_prim.appDSP48[1].bppDSP48[0].use_dsp.use_dsp48e1.iDSP48E1/P[47:0] is not pipelined (PREG=0). Pipelining the DSP48 output will improve performance and often saves power so it is suggested whenever possible to fully pipeline this function.  If this DSP48 function was inferred, it is suggested to describe an additional register stage after this function.  If the DSP48 was instantiated in the design, it is suggested to set the PREG attribute to 1.
Related violations: <none>

DPOP-1#6 Warning
PREG Output pipelining  
DSP ITMR_MIPS32/Processors[0].MIPS32/ALU/Unsigned_Multiplier/U0/i_mult/gDSP.gDSP_only.iDSP/use_prim.appDSP48[1].bppDSP48[1].use_dsp.use_dsp48e1.iDSP48E1 output ITMR_MIPS32/Processors[0].MIPS32/ALU/Unsigned_Multiplier/U0/i_mult/gDSP.gDSP_only.iDSP/use_prim.appDSP48[1].bppDSP48[1].use_dsp.use_dsp48e1.iDSP48E1/P[47:0] is not pipelined (PREG=0). Pipelining the DSP48 output will improve performance and often saves power so it is suggested whenever possible to fully pipeline this function.  If this DSP48 function was inferred, it is suggested to describe an additional register stage after this function.  If the DSP48 was instantiated in the design, it is suggested to set the PREG attribute to 1.
Related violations: <none>

DPOP-1#7 Warning
PREG Output pipelining  
DSP ITMR_MIPS32/Processors[1].MIPS32/ALU/Signed_Multiplier/U0/i_mult/gDSP.gDSP_only.iDSP/use_prim.appDSP48[0].bppDSP48[0].use_dsp.use_dsp48e1.iDSP48E1 output ITMR_MIPS32/Processors[1].MIPS32/ALU/Signed_Multiplier/U0/i_mult/gDSP.gDSP_only.iDSP/use_prim.appDSP48[0].bppDSP48[0].use_dsp.use_dsp48e1.iDSP48E1/P[47:0] is not pipelined (PREG=0). Pipelining the DSP48 output will improve performance and often saves power so it is suggested whenever possible to fully pipeline this function.  If this DSP48 function was inferred, it is suggested to describe an additional register stage after this function.  If the DSP48 was instantiated in the design, it is suggested to set the PREG attribute to 1.
Related violations: <none>

DPOP-1#8 Warning
PREG Output pipelining  
DSP ITMR_MIPS32/Processors[1].MIPS32/ALU/Signed_Multiplier/U0/i_mult/gDSP.gDSP_only.iDSP/use_prim.appDSP48[1].bppDSP48[0].use_dsp.use_dsp48e1.iDSP48E1 output ITMR_MIPS32/Processors[1].MIPS32/ALU/Signed_Multiplier/U0/i_mult/gDSP.gDSP_only.iDSP/use_prim.appDSP48[1].bppDSP48[0].use_dsp.use_dsp48e1.iDSP48E1/P[47:0] is not pipelined (PREG=0). Pipelining the DSP48 output will improve performance and often saves power so it is suggested whenever possible to fully pipeline this function.  If this DSP48 function was inferred, it is suggested to describe an additional register stage after this function.  If the DSP48 was instantiated in the design, it is suggested to set the PREG attribute to 1.
Related violations: <none>

DPOP-1#9 Warning
PREG Output pipelining  
DSP ITMR_MIPS32/Processors[1].MIPS32/ALU/Signed_Multiplier/U0/i_mult/gDSP.gDSP_only.iDSP/use_prim.appDSP48[1].bppDSP48[1].use_dsp.use_dsp48e1.iDSP48E1 output ITMR_MIPS32/Processors[1].MIPS32/ALU/Signed_Multiplier/U0/i_mult/gDSP.gDSP_only.iDSP/use_prim.appDSP48[1].bppDSP48[1].use_dsp.use_dsp48e1.iDSP48E1/P[47:0] is not pipelined (PREG=0). Pipelining the DSP48 output will improve performance and often saves power so it is suggested whenever possible to fully pipeline this function.  If this DSP48 function was inferred, it is suggested to describe an additional register stage after this function.  If the DSP48 was instantiated in the design, it is suggested to set the PREG attribute to 1.
Related violations: <none>

DPOP-1#10 Warning
PREG Output pipelining  
DSP ITMR_MIPS32/Processors[1].MIPS32/ALU/Unsigned_Multiplier/U0/i_mult/gDSP.gDSP_only.iDSP/use_prim.appDSP48[0].bppDSP48[0].use_dsp.use_dsp48e1.iDSP48E1 output ITMR_MIPS32/Processors[1].MIPS32/ALU/Unsigned_Multiplier/U0/i_mult/gDSP.gDSP_only.iDSP/use_prim.appDSP48[0].bppDSP48[0].use_dsp.use_dsp48e1.iDSP48E1/P[47:0] is not pipelined (PREG=0). Pipelining the DSP48 output will improve performance and often saves power so it is suggested whenever possible to fully pipeline this function.  If this DSP48 function was inferred, it is suggested to describe an additional register stage after this function.  If the DSP48 was instantiated in the design, it is suggested to set the PREG attribute to 1.
Related violations: <none>

DPOP-1#11 Warning
PREG Output pipelining  
DSP ITMR_MIPS32/Processors[1].MIPS32/ALU/Unsigned_Multiplier/U0/i_mult/gDSP.gDSP_only.iDSP/use_prim.appDSP48[1].bppDSP48[0].use_dsp.use_dsp48e1.iDSP48E1 output ITMR_MIPS32/Processors[1].MIPS32/ALU/Unsigned_Multiplier/U0/i_mult/gDSP.gDSP_only.iDSP/use_prim.appDSP48[1].bppDSP48[0].use_dsp.use_dsp48e1.iDSP48E1/P[47:0] is not pipelined (PREG=0). Pipelining the DSP48 output will improve performance and often saves power so it is suggested whenever possible to fully pipeline this function.  If this DSP48 function was inferred, it is suggested to describe an additional register stage after this function.  If the DSP48 was instantiated in the design, it is suggested to set the PREG attribute to 1.
Related violations: <none>

DPOP-1#12 Warning
PREG Output pipelining  
DSP ITMR_MIPS32/Processors[1].MIPS32/ALU/Unsigned_Multiplier/U0/i_mult/gDSP.gDSP_only.iDSP/use_prim.appDSP48[1].bppDSP48[1].use_dsp.use_dsp48e1.iDSP48E1 output ITMR_MIPS32/Processors[1].MIPS32/ALU/Unsigned_Multiplier/U0/i_mult/gDSP.gDSP_only.iDSP/use_prim.appDSP48[1].bppDSP48[1].use_dsp.use_dsp48e1.iDSP48E1/P[47:0] is not pipelined (PREG=0). Pipelining the DSP48 output will improve performance and often saves power so it is suggested whenever possible to fully pipeline this function.  If this DSP48 function was inferred, it is suggested to describe an additional register stage after this function.  If the DSP48 was instantiated in the design, it is suggested to set the PREG attribute to 1.
Related violations: <none>

DPOP-1#13 Warning
PREG Output pipelining  
DSP ITMR_MIPS32/Processors[2].MIPS32/ALU/Signed_Multiplier/U0/i_mult/gDSP.gDSP_only.iDSP/use_prim.appDSP48[0].bppDSP48[0].use_dsp.use_dsp48e1.iDSP48E1 output ITMR_MIPS32/Processors[2].MIPS32/ALU/Signed_Multiplier/U0/i_mult/gDSP.gDSP_only.iDSP/use_prim.appDSP48[0].bppDSP48[0].use_dsp.use_dsp48e1.iDSP48E1/P[47:0] is not pipelined (PREG=0). Pipelining the DSP48 output will improve performance and often saves power so it is suggested whenever possible to fully pipeline this function.  If this DSP48 function was inferred, it is suggested to describe an additional register stage after this function.  If the DSP48 was instantiated in the design, it is suggested to set the PREG attribute to 1.
Related violations: <none>

DPOP-1#14 Warning
PREG Output pipelining  
DSP ITMR_MIPS32/Processors[2].MIPS32/ALU/Signed_Multiplier/U0/i_mult/gDSP.gDSP_only.iDSP/use_prim.appDSP48[1].bppDSP48[0].use_dsp.use_dsp48e1.iDSP48E1 output ITMR_MIPS32/Processors[2].MIPS32/ALU/Signed_Multiplier/U0/i_mult/gDSP.gDSP_only.iDSP/use_prim.appDSP48[1].bppDSP48[0].use_dsp.use_dsp48e1.iDSP48E1/P[47:0] is not pipelined (PREG=0). Pipelining the DSP48 output will improve performance and often saves power so it is suggested whenever possible to fully pipeline this function.  If this DSP48 function was inferred, it is suggested to describe an additional register stage after this function.  If the DSP48 was instantiated in the design, it is suggested to set the PREG attribute to 1.
Related violations: <none>

DPOP-1#15 Warning
PREG Output pipelining  
DSP ITMR_MIPS32/Processors[2].MIPS32/ALU/Signed_Multiplier/U0/i_mult/gDSP.gDSP_only.iDSP/use_prim.appDSP48[1].bppDSP48[1].use_dsp.use_dsp48e1.iDSP48E1 output ITMR_MIPS32/Processors[2].MIPS32/ALU/Signed_Multiplier/U0/i_mult/gDSP.gDSP_only.iDSP/use_prim.appDSP48[1].bppDSP48[1].use_dsp.use_dsp48e1.iDSP48E1/P[47:0] is not pipelined (PREG=0). Pipelining the DSP48 output will improve performance and often saves power so it is suggested whenever possible to fully pipeline this function.  If this DSP48 function was inferred, it is suggested to describe an additional register stage after this function.  If the DSP48 was instantiated in the design, it is suggested to set the PREG attribute to 1.
Related violations: <none>

DPOP-1#16 Warning
PREG Output pipelining  
DSP ITMR_MIPS32/Processors[2].MIPS32/ALU/Unsigned_Multiplier/U0/i_mult/gDSP.gDSP_only.iDSP/use_prim.appDSP48[0].bppDSP48[0].use_dsp.use_dsp48e1.iDSP48E1 output ITMR_MIPS32/Processors[2].MIPS32/ALU/Unsigned_Multiplier/U0/i_mult/gDSP.gDSP_only.iDSP/use_prim.appDSP48[0].bppDSP48[0].use_dsp.use_dsp48e1.iDSP48E1/P[47:0] is not pipelined (PREG=0). Pipelining the DSP48 output will improve performance and often saves power so it is suggested whenever possible to fully pipeline this function.  If this DSP48 function was inferred, it is suggested to describe an additional register stage after this function.  If the DSP48 was instantiated in the design, it is suggested to set the PREG attribute to 1.
Related violations: <none>

DPOP-1#17 Warning
PREG Output pipelining  
DSP ITMR_MIPS32/Processors[2].MIPS32/ALU/Unsigned_Multiplier/U0/i_mult/gDSP.gDSP_only.iDSP/use_prim.appDSP48[1].bppDSP48[0].use_dsp.use_dsp48e1.iDSP48E1 output ITMR_MIPS32/Processors[2].MIPS32/ALU/Unsigned_Multiplier/U0/i_mult/gDSP.gDSP_only.iDSP/use_prim.appDSP48[1].bppDSP48[0].use_dsp.use_dsp48e1.iDSP48E1/P[47:0] is not pipelined (PREG=0). Pipelining the DSP48 output will improve performance and often saves power so it is suggested whenever possible to fully pipeline this function.  If this DSP48 function was inferred, it is suggested to describe an additional register stage after this function.  If the DSP48 was instantiated in the design, it is suggested to set the PREG attribute to 1.
Related violations: <none>

DPOP-1#18 Warning
PREG Output pipelining  
DSP ITMR_MIPS32/Processors[2].MIPS32/ALU/Unsigned_Multiplier/U0/i_mult/gDSP.gDSP_only.iDSP/use_prim.appDSP48[1].bppDSP48[1].use_dsp.use_dsp48e1.iDSP48E1 output ITMR_MIPS32/Processors[2].MIPS32/ALU/Unsigned_Multiplier/U0/i_mult/gDSP.gDSP_only.iDSP/use_prim.appDSP48[1].bppDSP48[1].use_dsp.use_dsp48e1.iDSP48E1/P[47:0] is not pipelined (PREG=0). Pipelining the DSP48 output will improve performance and often saves power so it is suggested whenever possible to fully pipeline this function.  If this DSP48 function was inferred, it is suggested to describe an additional register stage after this function.  If the DSP48 was instantiated in the design, it is suggested to set the PREG attribute to 1.
Related violations: <none>

DPOP-2#1 Warning
MREG Output pipelining  
DSP ITMR_MIPS32/Processors[0].MIPS32/ALU/Signed_Multiplier/U0/i_mult/gDSP.gDSP_only.iDSP/use_prim.appDSP48[0].bppDSP48[0].use_dsp.use_dsp48e1.iDSP48E1 multiplier stage ITMR_MIPS32/Processors[0].MIPS32/ALU/Signed_Multiplier/U0/i_mult/gDSP.gDSP_only.iDSP/use_prim.appDSP48[0].bppDSP48[0].use_dsp.use_dsp48e1.iDSP48E1/P[47:0] is not pipelined (MREG=0). Pipelining the multiplier function will improve performance and will save significant power so it is suggested whenever possible to fully pipeline this function.  If this multiplier was inferred, it is suggested to describe an additional register stage after this function.  If there is no registered adder/accumulator following the multiply function, two pipeline stages are suggested to allow both the MREG and PREG registers to be used.  If the DSP48 was instantiated in the design, it is suggested to set both the MREG and PREG attributes to 1 when performing multiply functions.
Related violations: <none>

DPOP-2#2 Warning
MREG Output pipelining  
DSP ITMR_MIPS32/Processors[0].MIPS32/ALU/Signed_Multiplier/U0/i_mult/gDSP.gDSP_only.iDSP/use_prim.appDSP48[1].bppDSP48[0].use_dsp.use_dsp48e1.iDSP48E1 multiplier stage ITMR_MIPS32/Processors[0].MIPS32/ALU/Signed_Multiplier/U0/i_mult/gDSP.gDSP_only.iDSP/use_prim.appDSP48[1].bppDSP48[0].use_dsp.use_dsp48e1.iDSP48E1/P[47:0] is not pipelined (MREG=0). Pipelining the multiplier function will improve performance and will save significant power so it is suggested whenever possible to fully pipeline this function.  If this multiplier was inferred, it is suggested to describe an additional register stage after this function.  If there is no registered adder/accumulator following the multiply function, two pipeline stages are suggested to allow both the MREG and PREG registers to be used.  If the DSP48 was instantiated in the design, it is suggested to set both the MREG and PREG attributes to 1 when performing multiply functions.
Related violations: <none>

DPOP-2#3 Warning
MREG Output pipelining  
DSP ITMR_MIPS32/Processors[0].MIPS32/ALU/Signed_Multiplier/U0/i_mult/gDSP.gDSP_only.iDSP/use_prim.appDSP48[1].bppDSP48[1].use_dsp.use_dsp48e1.iDSP48E1 multiplier stage ITMR_MIPS32/Processors[0].MIPS32/ALU/Signed_Multiplier/U0/i_mult/gDSP.gDSP_only.iDSP/use_prim.appDSP48[1].bppDSP48[1].use_dsp.use_dsp48e1.iDSP48E1/P[47:0] is not pipelined (MREG=0). Pipelining the multiplier function will improve performance and will save significant power so it is suggested whenever possible to fully pipeline this function.  If this multiplier was inferred, it is suggested to describe an additional register stage after this function.  If there is no registered adder/accumulator following the multiply function, two pipeline stages are suggested to allow both the MREG and PREG registers to be used.  If the DSP48 was instantiated in the design, it is suggested to set both the MREG and PREG attributes to 1 when performing multiply functions.
Related violations: <none>

DPOP-2#4 Warning
MREG Output pipelining  
DSP ITMR_MIPS32/Processors[0].MIPS32/ALU/Unsigned_Multiplier/U0/i_mult/gDSP.gDSP_only.iDSP/use_prim.appDSP48[0].bppDSP48[0].use_dsp.use_dsp48e1.iDSP48E1 multiplier stage ITMR_MIPS32/Processors[0].MIPS32/ALU/Unsigned_Multiplier/U0/i_mult/gDSP.gDSP_only.iDSP/use_prim.appDSP48[0].bppDSP48[0].use_dsp.use_dsp48e1.iDSP48E1/P[47:0] is not pipelined (MREG=0). Pipelining the multiplier function will improve performance and will save significant power so it is suggested whenever possible to fully pipeline this function.  If this multiplier was inferred, it is suggested to describe an additional register stage after this function.  If there is no registered adder/accumulator following the multiply function, two pipeline stages are suggested to allow both the MREG and PREG registers to be used.  If the DSP48 was instantiated in the design, it is suggested to set both the MREG and PREG attributes to 1 when performing multiply functions.
Related violations: <none>

DPOP-2#5 Warning
MREG Output pipelining  
DSP ITMR_MIPS32/Processors[0].MIPS32/ALU/Unsigned_Multiplier/U0/i_mult/gDSP.gDSP_only.iDSP/use_prim.appDSP48[1].bppDSP48[0].use_dsp.use_dsp48e1.iDSP48E1 multiplier stage ITMR_MIPS32/Processors[0].MIPS32/ALU/Unsigned_Multiplier/U0/i_mult/gDSP.gDSP_only.iDSP/use_prim.appDSP48[1].bppDSP48[0].use_dsp.use_dsp48e1.iDSP48E1/P[47:0] is not pipelined (MREG=0). Pipelining the multiplier function will improve performance and will save significant power so it is suggested whenever possible to fully pipeline this function.  If this multiplier was inferred, it is suggested to describe an additional register stage after this function.  If there is no registered adder/accumulator following the multiply function, two pipeline stages are suggested to allow both the MREG and PREG registers to be used.  If the DSP48 was instantiated in the design, it is suggested to set both the MREG and PREG attributes to 1 when performing multiply functions.
Related violations: <none>

DPOP-2#6 Warning
MREG Output pipelining  
DSP ITMR_MIPS32/Processors[0].MIPS32/ALU/Unsigned_Multiplier/U0/i_mult/gDSP.gDSP_only.iDSP/use_prim.appDSP48[1].bppDSP48[1].use_dsp.use_dsp48e1.iDSP48E1 multiplier stage ITMR_MIPS32/Processors[0].MIPS32/ALU/Unsigned_Multiplier/U0/i_mult/gDSP.gDSP_only.iDSP/use_prim.appDSP48[1].bppDSP48[1].use_dsp.use_dsp48e1.iDSP48E1/P[47:0] is not pipelined (MREG=0). Pipelining the multiplier function will improve performance and will save significant power so it is suggested whenever possible to fully pipeline this function.  If this multiplier was inferred, it is suggested to describe an additional register stage after this function.  If there is no registered adder/accumulator following the multiply function, two pipeline stages are suggested to allow both the MREG and PREG registers to be used.  If the DSP48 was instantiated in the design, it is suggested to set both the MREG and PREG attributes to 1 when performing multiply functions.
Related violations: <none>

DPOP-2#7 Warning
MREG Output pipelining  
DSP ITMR_MIPS32/Processors[1].MIPS32/ALU/Signed_Multiplier/U0/i_mult/gDSP.gDSP_only.iDSP/use_prim.appDSP48[0].bppDSP48[0].use_dsp.use_dsp48e1.iDSP48E1 multiplier stage ITMR_MIPS32/Processors[1].MIPS32/ALU/Signed_Multiplier/U0/i_mult/gDSP.gDSP_only.iDSP/use_prim.appDSP48[0].bppDSP48[0].use_dsp.use_dsp48e1.iDSP48E1/P[47:0] is not pipelined (MREG=0). Pipelining the multiplier function will improve performance and will save significant power so it is suggested whenever possible to fully pipeline this function.  If this multiplier was inferred, it is suggested to describe an additional register stage after this function.  If there is no registered adder/accumulator following the multiply function, two pipeline stages are suggested to allow both the MREG and PREG registers to be used.  If the DSP48 was instantiated in the design, it is suggested to set both the MREG and PREG attributes to 1 when performing multiply functions.
Related violations: <none>

DPOP-2#8 Warning
MREG Output pipelining  
DSP ITMR_MIPS32/Processors[1].MIPS32/ALU/Signed_Multiplier/U0/i_mult/gDSP.gDSP_only.iDSP/use_prim.appDSP48[1].bppDSP48[0].use_dsp.use_dsp48e1.iDSP48E1 multiplier stage ITMR_MIPS32/Processors[1].MIPS32/ALU/Signed_Multiplier/U0/i_mult/gDSP.gDSP_only.iDSP/use_prim.appDSP48[1].bppDSP48[0].use_dsp.use_dsp48e1.iDSP48E1/P[47:0] is not pipelined (MREG=0). Pipelining the multiplier function will improve performance and will save significant power so it is suggested whenever possible to fully pipeline this function.  If this multiplier was inferred, it is suggested to describe an additional register stage after this function.  If there is no registered adder/accumulator following the multiply function, two pipeline stages are suggested to allow both the MREG and PREG registers to be used.  If the DSP48 was instantiated in the design, it is suggested to set both the MREG and PREG attributes to 1 when performing multiply functions.
Related violations: <none>

DPOP-2#9 Warning
MREG Output pipelining  
DSP ITMR_MIPS32/Processors[1].MIPS32/ALU/Signed_Multiplier/U0/i_mult/gDSP.gDSP_only.iDSP/use_prim.appDSP48[1].bppDSP48[1].use_dsp.use_dsp48e1.iDSP48E1 multiplier stage ITMR_MIPS32/Processors[1].MIPS32/ALU/Signed_Multiplier/U0/i_mult/gDSP.gDSP_only.iDSP/use_prim.appDSP48[1].bppDSP48[1].use_dsp.use_dsp48e1.iDSP48E1/P[47:0] is not pipelined (MREG=0). Pipelining the multiplier function will improve performance and will save significant power so it is suggested whenever possible to fully pipeline this function.  If this multiplier was inferred, it is suggested to describe an additional register stage after this function.  If there is no registered adder/accumulator following the multiply function, two pipeline stages are suggested to allow both the MREG and PREG registers to be used.  If the DSP48 was instantiated in the design, it is suggested to set both the MREG and PREG attributes to 1 when performing multiply functions.
Related violations: <none>

DPOP-2#10 Warning
MREG Output pipelining  
DSP ITMR_MIPS32/Processors[1].MIPS32/ALU/Unsigned_Multiplier/U0/i_mult/gDSP.gDSP_only.iDSP/use_prim.appDSP48[0].bppDSP48[0].use_dsp.use_dsp48e1.iDSP48E1 multiplier stage ITMR_MIPS32/Processors[1].MIPS32/ALU/Unsigned_Multiplier/U0/i_mult/gDSP.gDSP_only.iDSP/use_prim.appDSP48[0].bppDSP48[0].use_dsp.use_dsp48e1.iDSP48E1/P[47:0] is not pipelined (MREG=0). Pipelining the multiplier function will improve performance and will save significant power so it is suggested whenever possible to fully pipeline this function.  If this multiplier was inferred, it is suggested to describe an additional register stage after this function.  If there is no registered adder/accumulator following the multiply function, two pipeline stages are suggested to allow both the MREG and PREG registers to be used.  If the DSP48 was instantiated in the design, it is suggested to set both the MREG and PREG attributes to 1 when performing multiply functions.
Related violations: <none>

DPOP-2#11 Warning
MREG Output pipelining  
DSP ITMR_MIPS32/Processors[1].MIPS32/ALU/Unsigned_Multiplier/U0/i_mult/gDSP.gDSP_only.iDSP/use_prim.appDSP48[1].bppDSP48[0].use_dsp.use_dsp48e1.iDSP48E1 multiplier stage ITMR_MIPS32/Processors[1].MIPS32/ALU/Unsigned_Multiplier/U0/i_mult/gDSP.gDSP_only.iDSP/use_prim.appDSP48[1].bppDSP48[0].use_dsp.use_dsp48e1.iDSP48E1/P[47:0] is not pipelined (MREG=0). Pipelining the multiplier function will improve performance and will save significant power so it is suggested whenever possible to fully pipeline this function.  If this multiplier was inferred, it is suggested to describe an additional register stage after this function.  If there is no registered adder/accumulator following the multiply function, two pipeline stages are suggested to allow both the MREG and PREG registers to be used.  If the DSP48 was instantiated in the design, it is suggested to set both the MREG and PREG attributes to 1 when performing multiply functions.
Related violations: <none>

DPOP-2#12 Warning
MREG Output pipelining  
DSP ITMR_MIPS32/Processors[1].MIPS32/ALU/Unsigned_Multiplier/U0/i_mult/gDSP.gDSP_only.iDSP/use_prim.appDSP48[1].bppDSP48[1].use_dsp.use_dsp48e1.iDSP48E1 multiplier stage ITMR_MIPS32/Processors[1].MIPS32/ALU/Unsigned_Multiplier/U0/i_mult/gDSP.gDSP_only.iDSP/use_prim.appDSP48[1].bppDSP48[1].use_dsp.use_dsp48e1.iDSP48E1/P[47:0] is not pipelined (MREG=0). Pipelining the multiplier function will improve performance and will save significant power so it is suggested whenever possible to fully pipeline this function.  If this multiplier was inferred, it is suggested to describe an additional register stage after this function.  If there is no registered adder/accumulator following the multiply function, two pipeline stages are suggested to allow both the MREG and PREG registers to be used.  If the DSP48 was instantiated in the design, it is suggested to set both the MREG and PREG attributes to 1 when performing multiply functions.
Related violations: <none>

DPOP-2#13 Warning
MREG Output pipelining  
DSP ITMR_MIPS32/Processors[2].MIPS32/ALU/Signed_Multiplier/U0/i_mult/gDSP.gDSP_only.iDSP/use_prim.appDSP48[0].bppDSP48[0].use_dsp.use_dsp48e1.iDSP48E1 multiplier stage ITMR_MIPS32/Processors[2].MIPS32/ALU/Signed_Multiplier/U0/i_mult/gDSP.gDSP_only.iDSP/use_prim.appDSP48[0].bppDSP48[0].use_dsp.use_dsp48e1.iDSP48E1/P[47:0] is not pipelined (MREG=0). Pipelining the multiplier function will improve performance and will save significant power so it is suggested whenever possible to fully pipeline this function.  If this multiplier was inferred, it is suggested to describe an additional register stage after this function.  If there is no registered adder/accumulator following the multiply function, two pipeline stages are suggested to allow both the MREG and PREG registers to be used.  If the DSP48 was instantiated in the design, it is suggested to set both the MREG and PREG attributes to 1 when performing multiply functions.
Related violations: <none>

DPOP-2#14 Warning
MREG Output pipelining  
DSP ITMR_MIPS32/Processors[2].MIPS32/ALU/Signed_Multiplier/U0/i_mult/gDSP.gDSP_only.iDSP/use_prim.appDSP48[1].bppDSP48[0].use_dsp.use_dsp48e1.iDSP48E1 multiplier stage ITMR_MIPS32/Processors[2].MIPS32/ALU/Signed_Multiplier/U0/i_mult/gDSP.gDSP_only.iDSP/use_prim.appDSP48[1].bppDSP48[0].use_dsp.use_dsp48e1.iDSP48E1/P[47:0] is not pipelined (MREG=0). Pipelining the multiplier function will improve performance and will save significant power so it is suggested whenever possible to fully pipeline this function.  If this multiplier was inferred, it is suggested to describe an additional register stage after this function.  If there is no registered adder/accumulator following the multiply function, two pipeline stages are suggested to allow both the MREG and PREG registers to be used.  If the DSP48 was instantiated in the design, it is suggested to set both the MREG and PREG attributes to 1 when performing multiply functions.
Related violations: <none>

DPOP-2#15 Warning
MREG Output pipelining  
DSP ITMR_MIPS32/Processors[2].MIPS32/ALU/Signed_Multiplier/U0/i_mult/gDSP.gDSP_only.iDSP/use_prim.appDSP48[1].bppDSP48[1].use_dsp.use_dsp48e1.iDSP48E1 multiplier stage ITMR_MIPS32/Processors[2].MIPS32/ALU/Signed_Multiplier/U0/i_mult/gDSP.gDSP_only.iDSP/use_prim.appDSP48[1].bppDSP48[1].use_dsp.use_dsp48e1.iDSP48E1/P[47:0] is not pipelined (MREG=0). Pipelining the multiplier function will improve performance and will save significant power so it is suggested whenever possible to fully pipeline this function.  If this multiplier was inferred, it is suggested to describe an additional register stage after this function.  If there is no registered adder/accumulator following the multiply function, two pipeline stages are suggested to allow both the MREG and PREG registers to be used.  If the DSP48 was instantiated in the design, it is suggested to set both the MREG and PREG attributes to 1 when performing multiply functions.
Related violations: <none>

DPOP-2#16 Warning
MREG Output pipelining  
DSP ITMR_MIPS32/Processors[2].MIPS32/ALU/Unsigned_Multiplier/U0/i_mult/gDSP.gDSP_only.iDSP/use_prim.appDSP48[0].bppDSP48[0].use_dsp.use_dsp48e1.iDSP48E1 multiplier stage ITMR_MIPS32/Processors[2].MIPS32/ALU/Unsigned_Multiplier/U0/i_mult/gDSP.gDSP_only.iDSP/use_prim.appDSP48[0].bppDSP48[0].use_dsp.use_dsp48e1.iDSP48E1/P[47:0] is not pipelined (MREG=0). Pipelining the multiplier function will improve performance and will save significant power so it is suggested whenever possible to fully pipeline this function.  If this multiplier was inferred, it is suggested to describe an additional register stage after this function.  If there is no registered adder/accumulator following the multiply function, two pipeline stages are suggested to allow both the MREG and PREG registers to be used.  If the DSP48 was instantiated in the design, it is suggested to set both the MREG and PREG attributes to 1 when performing multiply functions.
Related violations: <none>

DPOP-2#17 Warning
MREG Output pipelining  
DSP ITMR_MIPS32/Processors[2].MIPS32/ALU/Unsigned_Multiplier/U0/i_mult/gDSP.gDSP_only.iDSP/use_prim.appDSP48[1].bppDSP48[0].use_dsp.use_dsp48e1.iDSP48E1 multiplier stage ITMR_MIPS32/Processors[2].MIPS32/ALU/Unsigned_Multiplier/U0/i_mult/gDSP.gDSP_only.iDSP/use_prim.appDSP48[1].bppDSP48[0].use_dsp.use_dsp48e1.iDSP48E1/P[47:0] is not pipelined (MREG=0). Pipelining the multiplier function will improve performance and will save significant power so it is suggested whenever possible to fully pipeline this function.  If this multiplier was inferred, it is suggested to describe an additional register stage after this function.  If there is no registered adder/accumulator following the multiply function, two pipeline stages are suggested to allow both the MREG and PREG registers to be used.  If the DSP48 was instantiated in the design, it is suggested to set both the MREG and PREG attributes to 1 when performing multiply functions.
Related violations: <none>

DPOP-2#18 Warning
MREG Output pipelining  
DSP ITMR_MIPS32/Processors[2].MIPS32/ALU/Unsigned_Multiplier/U0/i_mult/gDSP.gDSP_only.iDSP/use_prim.appDSP48[1].bppDSP48[1].use_dsp.use_dsp48e1.iDSP48E1 multiplier stage ITMR_MIPS32/Processors[2].MIPS32/ALU/Unsigned_Multiplier/U0/i_mult/gDSP.gDSP_only.iDSP/use_prim.appDSP48[1].bppDSP48[1].use_dsp.use_dsp48e1.iDSP48E1/P[47:0] is not pipelined (MREG=0). Pipelining the multiplier function will improve performance and will save significant power so it is suggested whenever possible to fully pipeline this function.  If this multiplier was inferred, it is suggested to describe an additional register stage after this function.  If there is no registered adder/accumulator following the multiply function, two pipeline stages are suggested to allow both the MREG and PREG registers to be used.  If the DSP48 was instantiated in the design, it is suggested to set both the MREG and PREG attributes to 1 when performing multiply functions.
Related violations: <none>


